<?xml version="1.0" encoding="UTF-8"?>
<!-- Generated by org.testng.reporters.JUnitReportReporter -->
<testsuite hostname="Pravin-PC" name="learn_TestNg.FirstTestNgScript" tests="3" failures="0" timestamp="23 May 2019 09:19:39 GMT" time="0.028" errors="0">
  <testcase name="selectItem" time="0.006" classname="learn_TestNg.FirstTestNgScript"/>
  <testcase name="loginApplication" time="0.005" classname="learn_TestNg.FirstTestNgScript"/>
  <testcase name="checkout" time="0.017" classname="learn_TestNg.FirstTestNgScript"/>
</testsuite> <!-- learn_TestNg.FirstTestNgScript -->
