<?xml version="1.0" encoding="UTF-8"?>
<!-- Generated by org.testng.reporters.JUnitReportReporter -->
<testsuite hostname="Pravin-PC" name="learn_TestNg.DDT_TestNG_FbPage" tests="3" failures="0" timestamp="30 May 2019 10:05:11 GMT" time="104.802" errors="0">
  <testcase name="TestChrome" time="17.082" classname="learn_TestNg.DDT_TestNG_FbPage"/>
  <testcase name="TestChrome" time="66.624" classname="learn_TestNg.DDT_TestNG_FbPage"/>
  <testcase name="TestChrome" time="21.096" classname="learn_TestNg.DDT_TestNG_FbPage"/>
</testsuite> <!-- learn_TestNg.DDT_TestNG_FbPage -->
