<?xml version="1.0" encoding="UTF-8"?>
<!-- Generated by org.testng.reporters.JUnitReportReporter -->
<testsuite hostname="Pravin-PC" name="learn_TestNg.PrioritiesTest" tests="4" failures="0" timestamp="23 May 2019 09:40:26 GMT" time="0.031" errors="0">
  <testcase name="payment" time="0.002" classname="learn_TestNg.PrioritiesTest"/>
  <testcase name="checkout" time="0.007" classname="learn_TestNg.PrioritiesTest"/>
  <testcase name="addToCart" time="0.002" classname="learn_TestNg.PrioritiesTest"/>
  <testcase name="loginTest" time="0.020" classname="learn_TestNg.PrioritiesTest"/>
</testsuite> <!-- learn_TestNg.PrioritiesTest -->
