<?xml version="1.0" encoding="UTF-8"?>
<!-- Generated by org.testng.reporters.JUnitReportReporter -->
<testsuite hostname="Pravin-PC" name="learn_TestNg.TestNg_ParameterTest" tests="1" failures="0" timestamp="4 Jun 2019 13:36:40 GMT" time="0.036" errors="0">
  <testcase name="test" time="0.036" classname="learn_TestNg.TestNg_ParameterTest"/>
</testsuite> <!-- learn_TestNg.TestNg_ParameterTest -->
