<?xml version="1.0" encoding="UTF-8"?>
<!-- Generated by org.testng.reporters.JUnitReportReporter -->
<testsuite hostname="Pravin-PC" name="learn_TestNg.TestNg_Annotation" tests="1" failures="0" timestamp="23 May 2019 08:58:03 GMT" time="0.032" errors="0">
  <testcase name="test" time="0.032" classname="learn_TestNg.TestNg_Annotation"/>
</testsuite> <!-- learn_TestNg.TestNg_Annotation -->
