<?xml version="1.0" encoding="UTF-8"?>
<!-- Generated by org.testng.reporters.JUnitReportReporter -->
<testsuite hostname="Pravin-PC" name="learn_TestNg.Test_Annotations" tests="2" failures="0" timestamp="23 May 2019 09:29:35 GMT" time="0.014" errors="0">
  <testcase name="test1" time="0.010" classname="learn_TestNg.Test_Annotations"/>
  <testcase name="test2" time="0.004" classname="learn_TestNg.Test_Annotations"/>
</testsuite> <!-- learn_TestNg.Test_Annotations -->
