<?xml version="1.0" encoding="UTF-8"?>
<!-- Generated by org.testng.reporters.JUnitReportReporter -->
<testsuite hostname="Pravin-PC" name="learn_TestNg.EnableOrDisableTest" tests="3" failures="0" timestamp="23 May 2019 10:51:56 GMT" time="0.078" errors="0">
  <testcase name="testcase_5" time="0.000" classname="learn_TestNg.EnableOrDisableTest"/>
  <testcase name="testcase_3" time="0.000" classname="learn_TestNg.EnableOrDisableTest"/>
  <testcase name="testcase_1" time="0.078" classname="learn_TestNg.EnableOrDisableTest"/>
</testsuite> <!-- learn_TestNg.EnableOrDisableTest -->
